0 info it worked if it ends with ok
1 verbose cli [ 'C:\\Program Files\\nodejs\\node.exe',
1 verbose cli   'C:\\Program Files\\nodejs\\node_modules\\npm\\bin\\npm-cli.js',
1 verbose cli   'run',
1 verbose cli   'build:webpack' ]
2 info using npm@3.10.10
3 info using node@v6.10.1
4 verbose run-script [ 'prebuild:webpack', 'build:webpack', 'postbuild:webpack' ]
5 info lifecycle shortlist-template@1.0.0~prebuild:webpack: shortlist-template@1.0.0
6 silly lifecycle shortlist-template@1.0.0~prebuild:webpack: no script for prebuild:webpack, continuing
7 info lifecycle shortlist-template@1.0.0~build:webpack: shortlist-template@1.0.0
8 verbose lifecycle shortlist-template@1.0.0~build:webpack: unsafe-perm in lifecycle true
9 verbose lifecycle shortlist-template@1.0.0~build:webpack: PATH: C:\Program Files\nodejs\node_modules\npm\bin\node-gyp-bin;D:\shortlist-final\src\main\serverless\amiti\node_modules\.bin;C:\Program Files (x86)\Intel\iCLS Client\;C:\Program Files\Intel\iCLS Client\;C:\Windows\system32;C:\Windows;C:\Windows\System32\Wbem;C:\Windows\System32\WindowsPowerShell\v1.0\;C:\Program Files\Intel\WiFi\bin\;C:\Program Files\Common Files\Intel\WirelessCommon\;C:\Program Files\Intel\Intel(R) Management Engine Components\DAL;C:\Program Files\Intel\Intel(R) Management Engine Components\IPT;C:\Program Files (x86)\Intel\Intel(R) Management Engine Components\DAL;C:\Program Files (x86)\Intel\Intel(R) Management Engine Components\IPT;C:\Program Files\nodejs\;C:\Python27;C:\Python27\Scripts;C:\Users\Amiti\AppData\Roaming\Python\Scripts;C:\Program Files\Amazon\AWSCLI\;C:\Program Files\Intel\WiFi\bin\;C:\Program Files\Common Files\Intel\WirelessCommon\;C:\Users\Amiti\AppData\Roaming\npm;C:\Program Files (x86)\Microsoft VS Code\bin;C:\Python27;C:\Python27\Scripts
10 verbose lifecycle shortlist-template@1.0.0~build:webpack: CWD: D:\shortlist-final\src\main\serverless\amiti
11 silly lifecycle shortlist-template@1.0.0~build:webpack: Args: [ '/d /s /c',
11 silly lifecycle   'rimraf ./build && serverless webpack --out build -d' ]
12 silly lifecycle shortlist-template@1.0.0~build:webpack: Returned: code: 1  signal: null
13 info lifecycle shortlist-template@1.0.0~build:webpack: Failed to exec build:webpack script
14 verbose stack Error: shortlist-template@1.0.0 build:webpack: `rimraf ./build && serverless webpack --out build -d`
14 verbose stack Exit status 1
14 verbose stack     at EventEmitter.<anonymous> (C:\Program Files\nodejs\node_modules\npm\lib\utils\lifecycle.js:255:16)
14 verbose stack     at emitTwo (events.js:106:13)
14 verbose stack     at EventEmitter.emit (events.js:191:7)
14 verbose stack     at ChildProcess.<anonymous> (C:\Program Files\nodejs\node_modules\npm\lib\utils\spawn.js:40:14)
14 verbose stack     at emitTwo (events.js:106:13)
14 verbose stack     at ChildProcess.emit (events.js:191:7)
14 verbose stack     at maybeClose (internal/child_process.js:886:16)
14 verbose stack     at Process.ChildProcess._handle.onexit (internal/child_process.js:226:5)
15 verbose pkgid shortlist-template@1.0.0
16 verbose cwd D:\shortlist-final\src\main\serverless\amiti\typescript
17 error Windows_NT 6.1.7601
18 error argv "C:\\Program Files\\nodejs\\node.exe" "C:\\Program Files\\nodejs\\node_modules\\npm\\bin\\npm-cli.js" "run" "build:webpack"
19 error node v6.10.1
20 error npm  v3.10.10
21 error code ELIFECYCLE
22 error shortlist-template@1.0.0 build:webpack: `rimraf ./build && serverless webpack --out build -d`
22 error Exit status 1
23 error Failed at the shortlist-template@1.0.0 build:webpack script 'rimraf ./build && serverless webpack --out build -d'.
23 error Make sure you have the latest version of node.js and npm installed.
23 error If you do, this is most likely a problem with the shortlist-template package,
23 error not with npm itself.
23 error Tell the author that this fails on your system:
23 error     rimraf ./build && serverless webpack --out build -d
23 error You can get information on how to open an issue for this project with:
23 error     npm bugs shortlist-template
23 error Or if that isn't available, you can get their info via:
23 error     npm owner ls shortlist-template
23 error There is likely additional logging output above.
24 verbose exit [ 1, true ]
